Flow report for openmips_min_sopc
Sat May 16 23:33:14 2015
Quartus II 64-Bit Version 13.1.0 Build 162 10/23/2013 SJ Web Edition


---------------------
; Table of Contents ;
---------------------
  1. Legal Notice
  2. Flow Summary
  3. Flow Settings
  4. Flow Non-Default Global Settings
  5. Flow Elapsed Time
  6. Flow OS Summary
  7. Flow Log
  8. Flow Messages
  9. Flow Suppressed Messages



----------------
; Legal Notice ;
----------------
Copyright (C) 1991-2013 Altera Corporation
Your use of Altera Corporation's design tools, logic functions 
and other software and tools, and its AMPP partner logic 
functions, and any output files from any of the foregoing 
(including device programming or simulation files), and any 
associated documentation or information are expressly subject 
to the terms and conditions of the Altera Program License 
Subscription Agreement, Altera MegaCore Function License 
Agreement, or other applicable license agreement, including, 
without limitation, that your use is for the sole purpose of 
programming logic devices manufactured by Altera and sold by 
Altera or its authorized distributors.  Please refer to the 
applicable agreement for further details.



+---------------------------------------------------------------------------------+
; Flow Summary                                                                    ;
+------------------------------------+--------------------------------------------+
; Flow Status                        ; Successful - Sat May 16 23:33:14 2015      ;
; Quartus II 64-Bit Version          ; 13.1.0 Build 162 10/23/2013 SJ Web Edition ;
; Revision Name                      ; openmips_min_sopc                          ;
; Top-level Entity Name              ; openmips_min_sopc                          ;
; Family                             ; Cyclone III                                ;
; Device                             ; EP3C16F484C6                               ;
; Timing Models                      ; Final                                      ;
; Total logic elements               ; 11,288 / 15,408 ( 73 % )                   ;
;     Total combinational functions  ; 10,025 / 15,408 ( 65 % )                   ;
;     Dedicated logic registers      ; 4,406 / 15,408 ( 29 % )                    ;
; Total registers                    ; 4406                                       ;
; Total pins                         ; 125 / 347 ( 36 % )                         ;
; Total virtual pins                 ; 0                                          ;
; Total memory bits                  ; 256 / 516,096 ( < 1 % )                    ;
; Embedded Multiplier 9-bit elements ; 8 / 112 ( 7 % )                            ;
; Total PLLs                         ; 0 / 4 ( 0 % )                              ;
+------------------------------------+--------------------------------------------+


+-----------------------------------------+
; Flow Settings                           ;
+-------------------+---------------------+
; Option            ; Setting             ;
+-------------------+---------------------+
; Start date & time ; 05/16/2015 23:28:02 ;
; Main task         ; Compilation         ;
; Revision Name     ; openmips_min_sopc   ;
+-------------------+---------------------+


+---------------------------------------------------------------------------------------------------------------------+
; Flow Non-Default Global Settings                                                                                    ;
+-------------------------------------+--------------------------------+---------------+-------------+----------------+
; Assignment Name                     ; Value                          ; Default Value ; Entity Name ; Section Id     ;
+-------------------------------------+--------------------------------+---------------+-------------+----------------+
; COMPILER_SIGNATURE_ID               ; 59384466077215.143179008209420 ; --            ; --          ; --             ;
; EDA_OUTPUT_DATA_FORMAT              ; Vhdl                           ; --            ; --          ; eda_simulation ;
; EDA_SIMULATION_TOOL                 ; ModelSim-Altera (VHDL)         ; <None>        ; --          ; --             ;
; MAX_CORE_JUNCTION_TEMP              ; 85                             ; --            ; --          ; --             ;
; MIN_CORE_JUNCTION_TEMP              ; 0                              ; --            ; --          ; --             ;
; NOMINAL_CORE_SUPPLY_VOLTAGE         ; 1.2V                           ; --            ; --          ; --             ;
; PARTITION_COLOR                     ; 16764057                       ; --            ; --          ; Top            ;
; PARTITION_FITTER_PRESERVATION_LEVEL ; PLACEMENT_AND_ROUTING          ; --            ; --          ; Top            ;
; PARTITION_NETLIST_TYPE              ; SOURCE                         ; --            ; --          ; Top            ;
; PROJECT_OUTPUT_DIRECTORY            ; output_files                   ; --            ; --          ; --             ;
+-------------------------------------+--------------------------------+---------------+-------------+----------------+


+-------------------------------------------------------------------------------------------------------------------------------+
; Flow Elapsed Time                                                                                                             ;
+---------------------------+--------------+-------------------------+---------------------+------------------------------------+
; Module Name               ; Elapsed Time ; Average Processors Used ; Peak Virtual Memory ; Total CPU Time (on all processors) ;
+---------------------------+--------------+-------------------------+---------------------+------------------------------------+
; Analysis & Synthesis      ; 00:01:16     ; 1.0                     ; 626 MB              ; 00:01:15                           ;
; Fitter                    ; 00:02:55     ; 1.0                     ; 913 MB              ; 00:02:55                           ;
; Assembler                 ; 00:00:02     ; 1.0                     ; 485 MB              ; 00:00:02                           ;
; TimeQuest Timing Analyzer ; 00:00:35     ; 1.0                     ; 639 MB              ; 00:00:35                           ;
; EDA Netlist Writer        ; 00:00:13     ; 1.0                     ; 545 MB              ; 00:00:13                           ;
; Total                     ; 00:05:01     ; --                      ; --                  ; 00:05:00                           ;
+---------------------------+--------------+-------------------------+---------------------+------------------------------------+


+----------------------------------------------------------------------------------------+
; Flow OS Summary                                                                        ;
+---------------------------+------------------+-----------+------------+----------------+
; Module Name               ; Machine Hostname ; OS Name   ; OS Version ; Processor type ;
+---------------------------+------------------+-----------+------------+----------------+
; Analysis & Synthesis      ; lkwywhy          ; Windows 7 ; 6.2        ; x86_64         ;
; Fitter                    ; lkwywhy          ; Windows 7 ; 6.2        ; x86_64         ;
; Assembler                 ; lkwywhy          ; Windows 7 ; 6.2        ; x86_64         ;
; TimeQuest Timing Analyzer ; lkwywhy          ; Windows 7 ; 6.2        ; x86_64         ;
; EDA Netlist Writer        ; lkwywhy          ; Windows 7 ; 6.2        ; x86_64         ;
+---------------------------+------------------+-----------+------------+----------------+


------------
; Flow Log ;
------------
quartus_map --read_settings_files=on --write_settings_files=off openmips_min_sopc -c openmips_min_sopc
quartus_fit --read_settings_files=off --write_settings_files=off openmips_min_sopc -c openmips_min_sopc
quartus_asm --read_settings_files=off --write_settings_files=off openmips_min_sopc -c openmips_min_sopc
quartus_sta openmips_min_sopc -c openmips_min_sopc
quartus_eda --read_settings_files=off --write_settings_files=off openmips_min_sopc -c openmips_min_sopc



